[06-Nov-2018 06:42:39 UTC] PHP Notice:  Undefined index: invoice in /var/www/html/paypal/ipn.php on line 125
[06-Nov-2018 06:42:39 UTC] Type: You have an error in your SQL syntax; check the manual that corresponds to your MySQL server version for the right syntax to use near '(package_id = 2,expiration_date = '2018-12-06') AND WHERE id=16' at line 1 | Time: 2018-11-06 06:42:39
[06-Nov-2018 06:43:08 UTC] Type: Gross Blank | Time: 2018-11-06 06:43:08
[06-Nov-2018 06:52:53 UTC] Type: You have an error in your SQL syntax; check the manual that corresponds to your MySQL server version for the right syntax to use near 'WHERE id=16' at line 1 | Time: 2018-11-06 06:52:53
[06-Nov-2018 06:53:05 UTC] Type: Gross Blank | Time: 2018-11-06 06:53:05
[06-Nov-2018 07:04:44 UTC] Type: Gross Blank | Time: 2018-11-06 07:04:44
[06-Nov-2018 07:12:25 UTC] Type: Gross Blank | Time: 2018-11-06 07:12:25
[06-Nov-2018 07:13:06 UTC] package_id = 4 AND expiration_date = '2018-12-06' | Time: 2018-11-06 07:13:06
[06-Nov-2018 07:18:06 UTC] Type: Gross Blank | Time: 2018-11-06 07:18:06
[06-Nov-2018 07:19:08 UTC] package_id = 4 AND expiration_date = '2018-12-06' | Time: 2018-11-06 07:19:08
[06-Nov-2018 07:38:32 UTC] package_id = 4 AND expiration_date = '2018-12-06' | Time: 2018-11-06 07:38:32
[06-Nov-2018 07:39:06 UTC] Type: Gross Blank | Time: 2018-11-06 07:39:06
[06-Nov-2018 10:19:52 UTC] Type: Not Verified | Time: 2018-11-06 10:19:52
[06-Nov-2018 10:41:43 UTC] Type: Not Verified | Time: 2018-11-06 10:41:43
[06-Nov-2018 12:45:07 UTC] Type: Not Verified | Time: 2018-11-06 12:45:07
[06-Nov-2018 14:22:08 UTC] Type: Not Verified | Time: 2018-11-06 14:22:08
[06-Nov-2018 14:56:23 UTC] Type: Not Verified | Time: 2018-11-06 14:56:23
[06-Nov-2018 17:26:00 UTC] Type: Not Verified | Time: 2018-11-06 17:26:00
[06-Nov-2018 17:56:05 UTC] Type: Not Verified | Time: 2018-11-06 17:56:05
[14-Nov-2018 16:29:15 UTC] Type: Gross Blank | Time: 2018-11-14 16:29:15
[14-Nov-2018 16:29:29 UTC] package_id = 2 AND expiration_date = '2021-05-23' | Time: 2018-11-14 16:29:29
[15-Nov-2018 03:46:52 UTC] Type: Gross Blank | Time: 2018-11-15 03:46:52
[15-Nov-2018 04:00:21 UTC] Type: Gross Blank | Time: 2018-11-15 04:00:21
[15-Nov-2018 04:00:35 UTC] package_id = 2 AND expiration_date = '2018-12-15' | Time: 2018-11-15 04:00:35
[15-Nov-2018 04:05:16 UTC] Type: Gross Blank | Time: 2018-11-15 04:05:16
[16-Nov-2018 20:24:26 UTC] Type: Gross Blank | Time: 2018-11-16 20:24:26
[16-Nov-2018 20:24:39 UTC] package_id = 2 AND expiration_date = '2018-12-16' | Time: 2018-11-16 20:24:39
[16-Nov-2018 20:36:47 UTC] Type: Gross Blank | Time: 2018-11-16 20:36:47
[16-Nov-2018 20:38:23 UTC] Type: Not Completed | Time: 2018-11-16 20:38:23
[16-Nov-2018 20:38:47 UTC] Type: Not Completed | Time: 2018-11-16 20:38:47
[06-Dec-2018 11:10:07 UTC] Type: Not Verified | Time: 2018-12-06 11:10:07
[06-Dec-2018 11:40:46 UTC] PHP Warning:  mysqli::mysqli(): (HY000/2002): No such file or directory in /var/www/html/paypal/ipn.php on line 20
[06-Dec-2018 15:58:57 UTC] Type: Not Verified | Time: 2018-12-06 15:58:57
[06-Dec-2018 17:11:08 UTC] Type: Not Verified | Time: 2018-12-06 17:11:08
[06-Dec-2018 17:18:36 UTC] Type: Not Verified | Time: 2018-12-06 17:18:36
[06-Dec-2018 17:34:05 UTC] Type: Not Verified | Time: 2018-12-06 17:34:05
[06-Dec-2018 17:38:07 UTC] Type: Not Verified | Time: 2018-12-06 17:38:07
[16-Dec-2018 12:30:25 UTC] Type: Gross Blank | Time: 2018-12-16 12:30:25
[06-Jan-2019 11:14:08 UTC] Type: Not Verified | Time: 2019-01-06 11:14:08
[06-Jan-2019 12:08:07 UTC] Type: Not Verified | Time: 2019-01-06 12:08:07
[06-Jan-2019 12:30:46 UTC] Type: Not Verified | Time: 2019-01-06 12:30:46
[06-Jan-2019 13:43:54 UTC] Type: Not Verified | Time: 2019-01-06 13:43:54
[06-Jan-2019 14:53:05 UTC] Type: Not Verified | Time: 2019-01-06 14:53:05
[06-Jan-2019 16:09:31 UTC] Type: Not Verified | Time: 2019-01-06 16:09:31
[06-Jan-2019 18:34:09 UTC] Type: Not Verified | Time: 2019-01-06 18:34:09
[14-Jan-2019 03:17:19 UTC] Type: Gross Blank | Time: 2019-01-14 03:17:19
[14-Jan-2019 03:17:35 UTC] Type: Not Completed | Time: 2019-01-14 03:17:35
[17-Jan-2019 05:37:03 UTC] Type: Gross Blank | Time: 2019-01-17 05:37:03
[18-Jan-2019 02:50:19 UTC] Type: Gross Blank | Time: 2019-01-18 02:50:19
[18-Jan-2019 02:50:35 UTC] package_id = 3 AND expiration_date = '2019-02-17' | Time: 2019-01-18 02:50:35
[20-Jan-2019 21:36:17 UTC] Type: Gross Blank | Time: 2019-01-20 21:36:17
[20-Jan-2019 21:36:31 UTC] package_id = 2 AND expiration_date = '2019-02-19' | Time: 2019-01-20 21:36:31
[23-Jan-2019 19:13:24 UTC] Type: Gross Blank | Time: 2019-01-23 19:13:24
[23-Jan-2019 19:13:39 UTC] package_id = 2 AND expiration_date = '2019-02-22' | Time: 2019-01-23 19:13:39
[24-Jan-2019 22:07:30 UTC] Type: Gross Blank | Time: 2019-01-24 22:07:30
[24-Jan-2019 22:07:46 UTC] package_id = 2 AND expiration_date = '2019-02-23' | Time: 2019-01-24 22:07:46
[25-Jan-2019 13:17:30 UTC] Type: Gross Blank | Time: 2019-01-25 13:17:30
[25-Jan-2019 13:36:27 UTC] Type: Not Completed | Time: 2019-01-25 13:36:27
[26-Jan-2019 06:38:22 UTC] Type: Gross Blank | Time: 2019-01-26 06:38:22
[26-Jan-2019 06:38:35 UTC] package_id = 2 AND expiration_date = '2019-02-25' | Time: 2019-01-26 06:38:35
[27-Jan-2019 00:57:26 UTC] Type: Gross Blank | Time: 2019-01-27 00:57:26
[27-Jan-2019 00:57:36 UTC] package_id = 3 AND expiration_date = '2019-02-26' | Time: 2019-01-27 00:57:36
[28-Jan-2019 01:15:58 UTC] Type: Gross Blank | Time: 2019-01-28 01:15:58
[06-Feb-2019 15:07:08 UTC] Type: Not Verified | Time: 2019-02-06 15:07:08
[06-Feb-2019 15:15:08 UTC] Type: Not Verified | Time: 2019-02-06 15:15:08
[06-Feb-2019 15:32:43 UTC] Type: Not Verified | Time: 2019-02-06 15:32:43
[06-Feb-2019 16:16:07 UTC] Type: Not Verified | Time: 2019-02-06 16:16:07
[06-Feb-2019 16:23:59 UTC] Type: Not Verified | Time: 2019-02-06 16:23:59
[06-Feb-2019 16:38:12 UTC] Type: Not Verified | Time: 2019-02-06 16:38:12
[06-Feb-2019 18:26:05 UTC] Type: Not Verified | Time: 2019-02-06 18:26:05
[07-Feb-2019 06:14:23 UTC] Type: Gross Blank | Time: 2019-02-07 06:14:23
[07-Feb-2019 06:14:32 UTC] package_id = 2 AND expiration_date = '2019-03-09' | Time: 2019-02-07 06:14:32
[08-Feb-2019 14:40:38 UTC] package_id = 2 AND expiration_date = '2019-03-10' | Time: 2019-02-08 14:40:38
[08-Feb-2019 14:40:38 UTC] Type: Gross Blank | Time: 2019-02-08 14:40:38
[11-Feb-2019 13:21:24 UTC] Type: Gross Blank | Time: 2019-02-11 13:21:24
[11-Feb-2019 13:21:41 UTC] package_id = 2 AND expiration_date = '2019-03-13' | Time: 2019-02-11 13:21:41
[12-Feb-2019 04:31:05 UTC] Type: Gross Blank | Time: 2019-02-12 04:31:05
[13-Feb-2019 14:49:37 UTC] Type: Gross Blank | Time: 2019-02-13 14:49:37
[13-Feb-2019 14:49:53 UTC] package_id = 2 AND expiration_date = '2019-03-15' | Time: 2019-02-13 14:49:53
[14-Feb-2019 13:04:10 UTC] Type: Gross Blank | Time: 2019-02-14 13:04:10
[14-Feb-2019 15:04:17 UTC] Type: Gross Blank | Time: 2019-02-14 15:04:17
[15-Feb-2019 04:53:35 UTC] Type: Gross Blank | Time: 2019-02-15 04:53:35
[15-Feb-2019 04:53:49 UTC] package_id = 4 AND expiration_date = '2019-03-17' | Time: 2019-02-15 04:53:49
[15-Feb-2019 16:44:26 UTC] Type: Gross Blank | Time: 2019-02-15 16:44:26
[15-Feb-2019 16:44:39 UTC] Type: You have an error in your SQL syntax; check the manual that corresponds to your MySQL server version for the right syntax to use near 'Meara","notify_version":"3.9","subscr_id":"I-818TMSC71D2H","custom":"1224","paye' at line 1 | Time: 2019-02-15 16:44:39
[17-Feb-2019 01:21:01 UTC] Type: Gross Blank | Time: 2019-02-17 01:21:01
[18-Feb-2019 04:32:13 UTC] Type: Gross Blank | Time: 2019-02-18 04:32:13
[18-Feb-2019 04:32:29 UTC] package_id = 2 AND expiration_date = '2019-03-20' | Time: 2019-02-18 04:32:29
[18-Feb-2019 11:35:07 UTC] package_id = 3 AND expiration_date = '2019-03-20' | Time: 2019-02-18 11:35:07
[18-Feb-2019 14:30:26 UTC] Type: Gross Blank | Time: 2019-02-18 14:30:26
[18-Feb-2019 14:30:37 UTC] package_id = 3 AND expiration_date = '2019-03-20' | Time: 2019-02-18 14:30:37
[20-Feb-2019 02:30:19 UTC] Type: Gross Blank | Time: 2019-02-20 02:30:19
[20-Feb-2019 02:30:35 UTC] package_id = 2 AND expiration_date = '2019-03-22' | Time: 2019-02-20 02:30:35
[20-Feb-2019 11:48:32 UTC] Type: Gross Blank | Time: 2019-02-20 11:48:32
[20-Feb-2019 11:48:47 UTC] package_id = 2 AND expiration_date = '2019-03-22' | Time: 2019-02-20 11:48:47
[20-Feb-2019 11:59:40 UTC] package_id = 2 AND expiration_date = '2019-04-21' | Time: 2019-02-20 11:59:40
[21-Feb-2019 17:17:02 UTC] Type: Gross Blank | Time: 2019-02-21 17:17:02
[22-Feb-2019 00:10:18 UTC] Type: Gross Blank | Time: 2019-02-22 00:10:18
[22-Feb-2019 00:10:28 UTC] package_id = 2 AND expiration_date = '2019-03-24' | Time: 2019-02-22 00:10:28
[22-Feb-2019 00:12:55 UTC] Type: Gross Blank | Time: 2019-02-22 00:12:55
[22-Feb-2019 11:16:37 UTC] package_id = 2 AND expiration_date = '2019-03-24' | Time: 2019-02-22 11:16:37
[22-Feb-2019 11:18:22 UTC] Type: Gross Blank | Time: 2019-02-22 11:18:22
[22-Feb-2019 12:38:36 UTC] Type: Gross Blank | Time: 2019-02-22 12:38:36
[22-Feb-2019 12:38:44 UTC] package_id = 2 AND expiration_date = '2019-03-24' | Time: 2019-02-22 12:38:44
[23-Feb-2019 15:10:57 UTC] package_id = 2 AND expiration_date = '2019-03-25' | Time: 2019-02-23 15:10:57
[23-Feb-2019 17:23:35 UTC] Type: Gross Blank | Time: 2019-02-23 17:23:35
[24-Feb-2019 04:10:25 UTC] Type: Gross Blank | Time: 2019-02-24 04:10:25
[24-Feb-2019 04:10:37 UTC] package_id = 2 AND expiration_date = '2019-03-26' | Time: 2019-02-24 04:10:37
[24-Feb-2019 04:12:26 UTC] Type: Not Completed | Time: 2019-02-24 04:12:26
[24-Feb-2019 13:00:25 UTC] Type: Gross Blank | Time: 2019-02-24 13:00:25
[25-Feb-2019 10:16:30 UTC] Type: Gross Blank | Time: 2019-02-25 10:16:30
[25-Feb-2019 10:16:40 UTC] package_id = 2 AND expiration_date = '2019-03-27' | Time: 2019-02-25 10:16:40
[26-Feb-2019 20:39:21 UTC] Type: Gross Blank | Time: 2019-02-26 20:39:21
[26-Feb-2019 20:39:37 UTC] package_id = 2 AND expiration_date = '2019-03-28' | Time: 2019-02-26 20:39:37
[26-Feb-2019 21:04:51 UTC] Type: Gross Blank | Time: 2019-02-26 21:04:51
[27-Feb-2019 12:15:19 UTC] package_id = 3 AND expiration_date = '2019-03-29' | Time: 2019-02-27 12:15:19
[28-Feb-2019 02:11:58 UTC] Type: Not Completed | Time: 2019-02-28 02:11:58
[28-Feb-2019 02:15:05 UTC] Type: Gross Blank | Time: 2019-02-28 02:15:05
[28-Feb-2019 02:18:13 UTC] Type: Gross Blank | Time: 2019-02-28 02:18:13
[28-Feb-2019 10:02:35 UTC] Type: Gross Blank | Time: 2019-02-28 10:02:35
[28-Feb-2019 10:02:49 UTC] package_id = 2 AND expiration_date = '2019-03-30' | Time: 2019-02-28 10:02:49
[01-Mar-2019 02:31:15 UTC] Type: Gross Blank | Time: 2019-03-01 02:31:15
[01-Mar-2019 02:31:29 UTC] package_id = 2 AND expiration_date = '2019-04-23' | Time: 2019-03-01 02:31:29
[01-Mar-2019 12:39:28 UTC] Type: Gross Blank | Time: 2019-03-01 12:39:28
[01-Mar-2019 12:39:44 UTC] package_id = 2 AND expiration_date = '2019-03-31' | Time: 2019-03-01 12:39:44
[02-Mar-2019 01:44:28 UTC] Type: Gross Blank | Time: 2019-03-02 01:44:28
[02-Mar-2019 01:44:38 UTC] package_id = 2 AND expiration_date = '2019-04-01' | Time: 2019-03-02 01:44:38
[04-Mar-2019 12:51:38 UTC] Type: Gross Blank | Time: 2019-03-04 12:51:38
[04-Mar-2019 12:51:48 UTC] package_id = 2 AND expiration_date = '2019-04-03' | Time: 2019-03-04 12:51:48
[04-Mar-2019 20:20:21 UTC] Type: Gross Blank | Time: 2019-03-04 20:20:21
[04-Mar-2019 20:20:33 UTC] package_id = 2 AND expiration_date = '2019-04-03' | Time: 2019-03-04 20:20:33
[06-Mar-2019 11:28:09 UTC] Type: Not Verified | Time: 2019-03-06 11:28:09
[06-Mar-2019 11:34:10 UTC] Type: Not Verified | Time: 2019-03-06 11:34:10
[06-Mar-2019 22:47:54 UTC] Type: Not Verified | Time: 2019-03-06 22:47:54
[06-Mar-2019 23:46:07 UTC] Type: Not Verified | Time: 2019-03-06 23:46:07
[07-Mar-2019 02:30:24 UTC] Type: Not Verified | Time: 2019-03-07 02:30:24
[07-Mar-2019 02:54:17 UTC] Type: Not Verified | Time: 2019-03-07 02:54:17
[07-Mar-2019 06:38:07 UTC] Type: Not Verified | Time: 2019-03-07 06:38:07
[07-Mar-2019 12:21:20 UTC] package_id = 2 AND expiration_date = '2019-04-08' | Time: 2019-03-07 12:21:20
[07-Mar-2019 12:28:30 UTC] Type: Gross Blank | Time: 2019-03-07 12:28:30
[07-Mar-2019 12:28:32 UTC] package_id = 3 AND expiration_date = '2019-04-08' | Time: 2019-03-07 12:28:32
[07-Mar-2019 15:44:18 UTC] Type: Gross Blank | Time: 2019-03-07 15:44:18
[07-Mar-2019 15:44:29 UTC] package_id = 2 AND expiration_date = '2019-04-06' | Time: 2019-03-07 15:44:29
[08-Mar-2019 10:42:50 UTC] package_id = 2 AND expiration_date = '2019-06-02' | Time: 2019-03-08 10:42:50
[08-Mar-2019 19:11:06 UTC] Type: Gross Blank | Time: 2019-03-08 19:11:06
[09-Mar-2019 01:18:40 UTC] Type: Gross Blank | Time: 2019-03-09 01:18:40
[09-Mar-2019 01:27:03 UTC] Type: Not Completed | Time: 2019-03-09 01:27:03
[09-Mar-2019 01:38:46 UTC] Type: Gross Blank | Time: 2019-03-09 01:38:46
[10-Mar-2019 16:08:46 UTC] package_id = 2 AND expiration_date = '2019-04-09' | Time: 2019-03-10 16:08:46
[10-Mar-2019 16:08:46 UTC] Type: Gross Blank | Time: 2019-03-10 16:08:46
[11-Mar-2019 18:48:31 UTC] package_id = 2 AND expiration_date = '2019-04-12' | Time: 2019-03-11 18:48:31
[12-Mar-2019 12:41:49 UTC] Type: Gross Blank | Time: 2019-03-12 12:41:49
[12-Mar-2019 12:41:55 UTC] package_id = 2 AND expiration_date = '2019-04-11' | Time: 2019-03-12 12:41:55
[12-Mar-2019 16:49:00 UTC] Type: Gross Blank | Time: 2019-03-12 16:49:00
[12-Mar-2019 16:49:07 UTC] package_id = 2 AND expiration_date = '2019-04-11' | Time: 2019-03-12 16:49:07
[13-Mar-2019 09:04:47 UTC] Type: Gross Blank | Time: 2019-03-13 09:04:47
[13-Mar-2019 09:04:50 UTC] package_id = 2 AND expiration_date = '2019-04-12' | Time: 2019-03-13 09:04:50
[13-Mar-2019 15:40:56 UTC] package_id = 2 AND expiration_date = '2019-04-14' | Time: 2019-03-13 15:40:56
[13-Mar-2019 15:50:46 UTC] Type: Gross Blank | Time: 2019-03-13 15:50:46
[13-Mar-2019 15:51:04 UTC] package_id = 2 AND expiration_date = '2019-04-12' | Time: 2019-03-13 15:51:04
[14-Mar-2019 06:44:26 UTC] Type: Gross Blank | Time: 2019-03-14 06:44:26
[15-Mar-2019 07:48:32 UTC] Type: Gross Blank | Time: 2019-03-15 07:48:32
[15-Mar-2019 07:48:48 UTC] package_id = 2 AND expiration_date = '2019-04-14' | Time: 2019-03-15 07:48:48
[15-Mar-2019 12:57:49 UTC] package_id = 4 AND expiration_date = '2019-04-16' | Time: 2019-03-15 12:57:49
[15-Mar-2019 14:33:42 UTC] Type: You have an error in your SQL syntax; check the manual that corresponds to your MySQL server version for the right syntax to use near 'Meara","notify_version":"3.9","subscr_id":"I-818TMSC71D2H","custom":"1224","paye' at line 1 | Time: 2019-03-15 14:33:42
[18-Mar-2019 10:50:47 UTC] Type: Gross Blank | Time: 2019-03-18 10:50:47
[18-Mar-2019 10:58:44 UTC] package_id = 3 AND expiration_date = '2019-04-19' | Time: 2019-03-18 10:58:44
[18-Mar-2019 15:25:26 UTC] Type: Gross Blank | Time: 2019-03-18 15:25:26
[20-Mar-2019 10:15:46 UTC] package_id = 2 AND expiration_date = '2019-05-21' | Time: 2019-03-20 10:15:46
[20-Mar-2019 11:52:06 UTC] Type: Gross Blank | Time: 2019-03-20 11:52:06
[20-Mar-2019 13:43:21 UTC] package_id = 2 AND expiration_date = '2019-04-21' | Time: 2019-03-20 13:43:21
[22-Mar-2019 10:45:39 UTC] package_id = 2 AND expiration_date = '2019-04-23' | Time: 2019-03-22 10:45:39
[22-Mar-2019 11:51:19 UTC] Type: Gross Blank | Time: 2019-03-22 11:51:19
[22-Mar-2019 13:45:14 UTC] Type: Gross Blank | Time: 2019-03-22 13:45:14
[23-Mar-2019 13:10:52 UTC] Type: Gross Blank | Time: 2019-03-23 13:10:52
[23-Mar-2019 20:05:44 UTC] Type: Gross Blank | Time: 2019-03-23 20:05:44
[23-Mar-2019 20:05:57 UTC] package_id = 2 AND expiration_date = '2019-04-22' | Time: 2019-03-23 20:05:57
[23-Mar-2019 22:44:01 UTC] Type: Gross Blank | Time: 2019-03-23 22:44:01
[24-Mar-2019 10:41:48 UTC] package_id = 2 AND expiration_date = '2019-04-25' | Time: 2019-03-24 10:41:48
[24-Mar-2019 21:02:00 UTC] Type: Gross Blank | Time: 2019-03-24 21:02:00
[24-Mar-2019 21:02:39 UTC] Type: Not Completed | Time: 2019-03-24 21:02:39
[24-Mar-2019 21:06:51 UTC] Type: Not Completed | Time: 2019-03-24 21:06:51
[25-Mar-2019 15:21:41 UTC] package_id = 2 AND expiration_date = '2019-04-26' | Time: 2019-03-25 15:21:41
[26-Mar-2019 10:30:59 UTC] Type: Gross Blank | Time: 2019-03-26 10:30:59
[27-Mar-2019 06:46:36 UTC] Type: Gross Blank | Time: 2019-03-27 06:46:36
[27-Mar-2019 11:40:43 UTC] package_id = 3 AND expiration_date = '2019-04-28' | Time: 2019-03-27 11:40:43
[28-Mar-2019 10:09:48 UTC] package_id = 2 AND expiration_date = '2019-04-29' | Time: 2019-03-28 10:09:48
[28-Mar-2019 13:55:12 UTC] Type: Gross Blank | Time: 2019-03-28 13:55:12
[28-Mar-2019 21:52:49 UTC] Type: Not Completed | Time: 2019-03-28 21:52:49
[28-Mar-2019 21:52:51 UTC] Type: Not Completed | Time: 2019-03-28 21:52:51
[01-Apr-2019 10:58:18 UTC] package_id = 2 AND expiration_date = '2019-05-01' | Time: 2019-04-01 10:58:18
[01-Apr-2019 12:55:52 UTC] Type: Gross Blank | Time: 2019-04-01 12:55:52
[01-Apr-2019 19:29:57 UTC] Type: Gross Blank | Time: 2019-04-01 19:29:57
[01-Apr-2019 19:30:08 UTC] package_id = 2 AND expiration_date = '2019-05-01' | Time: 2019-04-01 19:30:08
[02-Apr-2019 10:36:00 UTC] package_id = 2 AND expiration_date = '2019-05-02' | Time: 2019-04-02 10:36:00
